<?xml version="1.0" encoding="UTF-8"?>
<coverage generated="1700262992349" clover="3.2.0">
  <project timestamp="1700262992350" name="All files">
    <metrics statements="22" coveredstatements="20" conditionals="10" coveredconditionals="6" methods="8" coveredmethods="7" elements="40" coveredelements="33" complexity="0" loc="22" ncloc="22" packages="1" files="2" classes="2"/>
    <file name="Blog.jsx" path="/home/alessionovi/Scrivania/fullstackopen/part5/bloglist-frontend/src/components/Blog.jsx">
      <metrics statements="12" coveredstatements="10" conditionals="8" coveredconditionals="5" methods="4" coveredmethods="3"/>
      <line num="3" count="1" type="stmt"/>
      <line num="12" count="6" type="stmt"/>
      <line num="13" count="6" type="stmt"/>
      <line num="15" count="6" type="stmt"/>
      <line num="17" count="6" type="stmt"/>
      <line num="18" count="2" type="stmt"/>
      <line num="25" count="2" type="stmt"/>
      <line num="26" count="2" type="stmt"/>
      <line num="29" count="6" type="stmt"/>
      <line num="31" count="0" type="cond" truecount="0" falsecount="2"/>
      <line num="32" count="0" type="stmt"/>
      <line num="36" count="6" type="stmt"/>
    </file>
    <file name="CreateBlog.jsx" path="/home/alessionovi/Scrivania/fullstackopen/part5/bloglist-frontend/src/components/CreateBlog.jsx">
      <metrics statements="10" coveredstatements="10" conditionals="2" coveredconditionals="1" methods="4" coveredmethods="4"/>
      <line num="4" count="20" type="stmt"/>
      <line num="6" count="20" type="stmt"/>
      <line num="7" count="10" type="stmt"/>
      <line num="10" count="20" type="stmt"/>
      <line num="11" count="8" type="stmt"/>
      <line num="14" count="20" type="stmt"/>
      <line num="15" count="1" type="stmt"/>
      <line num="16" count="1" type="stmt"/>
      <line num="17" count="1" type="cond" truecount="1" falsecount="1"/>
      <line num="20" count="20" type="stmt"/>
    </file>
  </project>
</coverage>
