{"/home/alessionovi/Scrivania/fullstackopen/part5/bloglist-frontend/src/components/Blog.jsx": {"path":"/home/alessionovi/Scrivania/fullstackopen/part5/bloglist-frontend/src/components/Blog.jsx","statementMap":{"0":{"start":{"line":3,"column":18},"end":{"line":9,"column":1}},"1":{"start":{"line":12,"column":46},"end":{"line":12,"column":61}},"2":{"start":{"line":13,"column":28},"end":{"line":13,"column":48}},"3":{"start":{"line":15,"column":24},"end":{"line":15,"column":64}},"4":{"start":{"line":15,"column":30},"end":{"line":15,"column":64}},"5":{"start":{"line":17,"column":22},"end":{"line":27,"column":3}},"6":{"start":{"line":18,"column":20},"end":{"line":24,"column":5}},"7":{"start":{"line":25,"column":24},"end":{"line":25,"column":60}},"8":{"start":{"line":26,"column":4},"end":{"line":26,"column":32}},"9":{"start":{"line":29,"column":21},"end":{"line":34,"column":3}},"10":{"start":{"line":31,"column":4},"end":{"line":33,"column":5}},"11":{"start":{"line":32,"column":6},"end":{"line":32,"column":34}},"12":{"start":{"line":36,"column":2},"end":{"line":61,"column":4}}},"fnMap":{"0":{"name":"Blog","decl":{"start":{"line":11,"column":9},"end":{"line":11,"column":13}},"loc":{"start":{"line":11,"column":70},"end":{"line":62,"column":1}},"line":11},"1":{"name":"(anonymous_1)","decl":{"start":{"line":15,"column":24},"end":{"line":15,"column":25}},"loc":{"start":{"line":15,"column":30},"end":{"line":15,"column":64}},"line":15},"2":{"name":"(anonymous_2)","decl":{"start":{"line":17,"column":22},"end":{"line":17,"column":23}},"loc":{"start":{"line":17,"column":34},"end":{"line":27,"column":3}},"line":17},"3":{"name":"(anonymous_3)","decl":{"start":{"line":29,"column":21},"end":{"line":29,"column":22}},"loc":{"start":{"line":29,"column":33},"end":{"line":34,"column":3}},"line":29}},"branchMap":{"0":{"loc":{"start":{"line":31,"column":4},"end":{"line":33,"column":5}},"type":"if","locations":[{"start":{"line":31,"column":4},"end":{"line":33,"column":5}},{"start":{},"end":{}}],"line":31},"1":{"loc":{"start":{"line":41,"column":11},"end":{"line":41,"column":43}},"type":"cond-expr","locations":[{"start":{"line":41,"column":28},"end":{"line":41,"column":34}},{"start":{"line":41,"column":37},"end":{"line":41,"column":43}}],"line":41},"2":{"loc":{"start":{"line":44,"column":7},"end":{"line":59,"column":7}},"type":"binary-expr","locations":[{"start":{"line":44,"column":7},"end":{"line":44,"column":21}},{"start":{"line":45,"column":8},"end":{"line":58,"column":11}}],"line":44},"3":{"loc":{"start":{"line":53,"column":11},"end":{"line":57,"column":11}},"type":"binary-expr","locations":[{"start":{"line":53,"column":11},"end":{"line":53,"column":43}},{"start":{"line":54,"column":12},"end":{"line":56,"column":21}}],"line":53}},"s":{"0":1,"1":6,"2":6,"3":6,"4":2,"5":6,"6":2,"7":2,"8":2,"9":6,"10":0,"11":0,"12":6},"f":{"0":6,"1":2,"2":2,"3":0},"b":{"0":[0,0],"1":[3,3],"2":[6,3],"3":[3,0]},"_coverageSchema":"1a1c01bbd47fc00a2c39e90264f33305004495a9","hash":"2da7c9ce69de93739f1e3245bb92b32b17f49167"}
,"/home/alessionovi/Scrivania/fullstackopen/part5/bloglist-frontend/src/components/CreateBlog.jsx": {"path":"/home/alessionovi/Scrivania/fullstackopen/part5/bloglist-frontend/src/components/CreateBlog.jsx","statementMap":{"0":{"start":{"line":4,"column":46},"end":{"line":4,"column":78}},"1":{"start":{"line":6,"column":33},"end":{"line":8,"column":3}},"2":{"start":{"line":7,"column":4},"end":{"line":7,"column":72}},"3":{"start":{"line":10,"column":31},"end":{"line":12,"column":3}},"4":{"start":{"line":11,"column":4},"end":{"line":11,"column":70}},"5":{"start":{"line":14,"column":21},"end":{"line":18,"column":3}},"6":{"start":{"line":15,"column":4},"end":{"line":15,"column":27}},"7":{"start":{"line":16,"column":21},"end":{"line":16,"column":51}},"8":{"start":{"line":17,"column":4},"end":{"line":17,"column":61}},"9":{"start":{"line":17,"column":19},"end":{"line":17,"column":61}},"10":{"start":{"line":20,"column":2},"end":{"line":35,"column":4}}},"fnMap":{"0":{"name":"CreateBlog","decl":{"start":{"line":3,"column":9},"end":{"line":3,"column":19}},"loc":{"start":{"line":3,"column":34},"end":{"line":36,"column":1}},"line":3},"1":{"name":"(anonymous_1)","decl":{"start":{"line":6,"column":33},"end":{"line":6,"column":34}},"loc":{"start":{"line":6,"column":44},"end":{"line":8,"column":3}},"line":6},"2":{"name":"(anonymous_2)","decl":{"start":{"line":10,"column":31},"end":{"line":10,"column":32}},"loc":{"start":{"line":10,"column":42},"end":{"line":12,"column":3}},"line":10},"3":{"name":"(anonymous_3)","decl":{"start":{"line":14,"column":21},"end":{"line":14,"column":22}},"loc":{"start":{"line":14,"column":38},"end":{"line":18,"column":3}},"line":14}},"branchMap":{"0":{"loc":{"start":{"line":17,"column":4},"end":{"line":17,"column":61}},"type":"if","locations":[{"start":{"line":17,"column":4},"end":{"line":17,"column":61}},{"start":{},"end":{}}],"line":17}},"s":{"0":20,"1":20,"2":10,"3":20,"4":8,"5":20,"6":1,"7":1,"8":1,"9":1,"10":20},"f":{"0":20,"1":10,"2":8,"3":1},"b":{"0":[1,0]},"_coverageSchema":"1a1c01bbd47fc00a2c39e90264f33305004495a9","hash":"d8a4a0d029aacc4388fb1494acd44a8570705eaf"}
}
