TN:
SF:src/components/Blog.jsx
FN:11,Blog
FN:15,(anonymous_1)
FN:17,(anonymous_2)
FN:29,(anonymous_3)
FNF:4
FNH:3
FNDA:6,Blog
FNDA:2,(anonymous_1)
FNDA:2,(anonymous_2)
FNDA:0,(anonymous_3)
DA:3,1
DA:12,6
DA:13,6
DA:15,6
DA:17,6
DA:18,2
DA:25,2
DA:26,2
DA:29,6
DA:31,0
DA:32,0
DA:36,6
LF:12
LH:10
BRDA:31,0,0,0
BRDA:31,0,1,0
BRDA:41,1,0,3
BRDA:41,1,1,3
BRDA:44,2,0,6
BRDA:44,2,1,3
BRDA:53,3,0,3
BRDA:53,3,1,0
BRF:8
BRH:5
end_of_record
TN:
SF:src/components/CreateBlog.jsx
FN:3,CreateBlog
FN:6,(anonymous_1)
FN:10,(anonymous_2)
FN:14,(anonymous_3)
FNF:4
FNH:4
FNDA:20,CreateBlog
FNDA:10,(anonymous_1)
FNDA:8,(anonymous_2)
FNDA:1,(anonymous_3)
DA:4,20
DA:6,20
DA:7,10
DA:10,20
DA:11,8
DA:14,20
DA:15,1
DA:16,1
DA:17,1
DA:20,20
LF:10
LH:10
BRDA:17,0,0,1
BRDA:17,0,1,0
BRF:2
BRH:1
end_of_record
